<?xml version="1.0" encoding="UTF-8"?>
<testsuite xmlns:xsi="http://www.w3.org/2001/XMLSchema-instance" xsi:noNamespaceSchemaLocation="https://maven.apache.org/surefire/maven-surefire-plugin/xsd/surefire-test-report.xsd" name="TestSuite" time="39.393" tests="7" errors="0" skipped="0" failures="0">
  <properties>
[...]
</properties>
  <testcase name="testAddPet" classname="swaggerpetstore.testcases.PetTestCase" time="2.664"/>
  <testcase name="testGetPetById" classname="swaggerpetstore.testcases.PetTestCase" time="1.544"/>
  <testcase name="testUpdatePetById" classname="swaggerpetstore.testcases.PetTestCase" time="1.301"/>
  <testcase name="testDeletePetById" classname="swaggerpetstore.testcases.PetTestCase" time="1.168"/>
  <testcase name="testAddOrder" classname="swaggerpetstore.testcases.PetTestCase" time="1.576"/>
  <testcase name="testGetOrderById" classname="swaggerpetstore.testcases.PetTestCase" time="1.427"/>
  <testcase name="testDeleteOrderById" classname="swaggerpetstore.testcases.PetTestCase" time="1.506"/>
</testsuite>