<?xml version="1.0" encoding="UTF-8"?>
<!-- Generated by org.testng.reporters.JUnitXMLReporter -->
<testsuite ignored="0" hostname="Quicks-MacBook-Air.local" failures="0" tests="7" name="Test Swagger Pet store" time="28.81" errors="0" timestamp="2025-12-17T16:22:11 IST">
  <testcase classname="swaggerpetstore.testcases.PetTestCase" name="testAddPet" time="2.663"/>
  <testcase classname="swaggerpetstore.testcases.PetTestCase" name="testGetPetById" time="1.544"/>
  <testcase classname="swaggerpetstore.testcases.PetTestCase" name="testUpdatePetById" time="1.302"/>
  <testcase classname="swaggerpetstore.testcases.PetTestCase" name="testDeletePetById" time="1.169"/>
  <testcase classname="swaggerpetstore.testcases.PetTestCase" name="testAddOrder" time="1.577"/>
  <testcase classname="swaggerpetstore.testcases.PetTestCase" name="testGetOrderById" time="1.426"/>
  <testcase classname="swaggerpetstore.testcases.PetTestCase" name="testDeleteOrderById" time="1.506"/>
</testsuite> <!-- Test Swagger Pet store -->
