<?xml version="1.0" encoding="UTF-8"?>
<!-- Generated by org.testng.reporters.JUnitReportReporter -->
<testsuite hostname="Quicks-MacBook-Air.local" failures="0" tests="7" name="swaggerpetstore.testcases.PetTestCase" time="28.724" errors="0" timestamp="2025-12-17T16:22:11 IST" skipped="0">
  <testcase classname="swaggerpetstore.testcases.PetTestCase" name="testAddPet" time="5.168"/>
  <system-out/>
  <testcase classname="swaggerpetstore.testcases.PetTestCase" name="testGetPetById" time="4.049"/>
  <system-out/>
  <testcase classname="swaggerpetstore.testcases.PetTestCase" name="testUpdatePetById" time="3.808"/>
  <system-out/>
  <testcase classname="swaggerpetstore.testcases.PetTestCase" name="testDeletePetById" time="3.675"/>
  <system-out/>
  <testcase classname="swaggerpetstore.testcases.PetTestCase" name="testAddOrder" time="4.082"/>
  <system-out/>
  <testcase classname="swaggerpetstore.testcases.PetTestCase" name="testGetOrderById" time="3.931"/>
  <system-out/>
  <testcase classname="swaggerpetstore.testcases.PetTestCase" name="testDeleteOrderById" time="4.011"/>
  <system-out/>
</testsuite> <!-- swaggerpetstore.testcases.PetTestCase -->
